app/build/intermediates/manifest_merge_blame_file/debug/manifest-merger-blame-debug-report.txt
1<?xml version="1.0" encoding="utf-8"?>
2<manifest xmlns:android="http://schemas.android.com/apk/res/android"
3    package="xyz.tqydn.math"
4    android:versionCode="1"
5    android:versionName="1.0" >
6
7    <uses-sdk
8        android:minSdkVersion="21"
8-->src/main/AndroidManifest.xml
9        android:targetSdkVersion="30" />
9-->src/main/AndroidManifest.xml
10
11    <application
11-->src/main/AndroidManifest.xml:6:5-27:19
12        android:appComponentFactory="androidx.core.app.CoreComponentFactory"
12-->[androidx.core:core:1.3.2] AndroidManifest.xml:24:18-86
13        android:debuggable="true"
14        android:icon="@mipmap/ic_launcher"
14-->src/main/AndroidManifest.xml:7:9-43
15        android:label="@string/app_name"
15-->src/main/AndroidManifest.xml:8:9-41
16        android:roundIcon="@mipmap/ic_launcher_round"
16-->src/main/AndroidManifest.xml:9:9-54
17        android:supportsRtl="true"
17-->src/main/AndroidManifest.xml:10:9-35
18        android:theme="@style/Theme.Math" >
18-->src/main/AndroidManifest.xml:11:9-42
19        <activity
19-->src/main/AndroidManifest.xml:13:9-15:68
20            android:name="xyz.tqydn.math.MainActivity"
20-->src/main/AndroidManifest.xml:14:13-41
21            android:label="@string/title_activity_main" />
21-->src/main/AndroidManifest.xml:15:13-56
22        <activity android:name="xyz.tqydn.math.SplashScreenActivity" >
22-->src/main/AndroidManifest.xml:16:9-22:20
22-->src/main/AndroidManifest.xml:16:19-55
23            <intent-filter>
23-->src/main/AndroidManifest.xml:17:13-21:29
24                <action android:name="android.intent.action.MAIN" />
24-->src/main/AndroidManifest.xml:18:17-69
24-->src/main/AndroidManifest.xml:18:25-66
25
26                <category android:name="android.intent.category.LAUNCHER" />
26-->src/main/AndroidManifest.xml:20:17-77
26-->src/main/AndroidManifest.xml:20:27-74
27            </intent-filter>
28        </activity>
29
30        <meta-data
30-->src/main/AndroidManifest.xml:24:9-26:57
31            android:name="preloaded_fonts"
31-->src/main/AndroidManifest.xml:25:13-43
32            android:resource="@array/preloaded_fonts" />
32-->src/main/AndroidManifest.xml:26:13-54
33    </application>
34
35</manifest>